<?xml version="1.0" encoding="UTF-8" ?>
<testsuite errors="0" failures="0" hostname="Sensey-ПК" name="ua.voytovych.tests.TrackingServiceTests" skipped="1" tests="5" time="0.474" timestamp="2016-06-11T11:00:43">
  <properties>
    <property name="java.vendor" value="Oracle Corporation" />
    <property name="sun.java.launcher" value="SUN_STANDARD" />
    <property name="eclipse.pdebuild.templates" value="/D:/For-work/my-work-for-job/Eclipse/eclipse/eclipse/plugins/org.eclipse.pde.build_3.9.100.v20150521-1524/templates/" />
    <property name="sun.management.compiler" value="HotSpot Client Compiler" />
    <property name="env.PROMPT" value="$P$G" />
    <property name="os.name" value="Windows 7" />
    <property name="env.FP_NO_HOST_CHECK" value="NO" />
    <property name="sun.boot.class.path" value="C:\Program Files\Java\jdk1.8.0_91\jre\lib\resources.jar;C:\Program Files\Java\jdk1.8.0_91\jre\lib\rt.jar;C:\Program Files\Java\jdk1.8.0_91\jre\lib\sunrsasign.jar;C:\Program Files\Java\jdk1.8.0_91\jre\lib\jsse.jar;C:\Program Files\Java\jdk1.8.0_91\jre\lib\jce.jar;C:\Program Files\Java\jdk1.8.0_91\jre\lib\charsets.jar;C:\Program Files\Java\jdk1.8.0_91\jre\lib\jfr.jar;C:\Program Files\Java\jdk1.8.0_91\jre\classes" />
    <property name="env.COMPUTERNAME" value="SENSEY-ЏЉ" />
    <property name="env.ALLUSERSPROFILE" value="C:\ProgramData" />
    <property name="sun.desktop" value="windows" />
    <property name="java.vm.specification.vendor" value="Oracle Corporation" />
    <property name="ant.home" value="D:\For-work\my-work-for-job\Eclipse\eclipse\eclipse\plugins\org.apache.ant_1.9.6.v201510161327" />
    <property name="java.runtime.version" value="1.8.0_91-b15" />
    <property name="env.HOMEPATH" value="\Users\Sensey" />
    <property name="user.name" value="Sensey" />
    <property name="ant.file.ProteinTrackerTests" value="D:\For-work\my-work-for-job\Git\junit-basic-repository-007\ProteinTrackerTests\build.xml" />
    <property name="ant.file.type.ProteinTrackerTests" value="file" />
    <property name="user.language" value="uk" />
    <property name="sun.boot.library.path" value="C:\Program Files\Java\jdk1.8.0_91\jre\bin" />
    <property name="ant.project.default-target" value="build" />
    <property name="ant.project.name" value="ProteinTrackerTests" />
    <property name="java.version" value="1.8.0_91" />
    <property name="env.PROCESSOR_IDENTIFIER" value="x86 Family 6 Model 23 Stepping 10, GenuineIntel" />
    <property name="user.timezone" value="" />
    <property name="env.TEMP" value="C:\Users\Sensey\AppData\Local\Temp" />
    <property name="sun.arch.data.model" value="32" />
    <property name="java.endorsed.dirs" value="C:\Program Files\Java\jdk1.8.0_91\jre\lib\endorsed" />
    <property name="sun.cpu.isalist" value="pentium_pro+mmx pentium_pro pentium+mmx pentium i486 i386 i86" />
    <property name="env.HOMEDRIVE" value="C:" />
    <property name="sun.jnu.encoding" value="Cp1251" />
    <property name="file.encoding.pkg" value="sun.io" />
    <property name="ECLIPSE_HOME" value="../../../Eclipse/eclipse/eclipse/" />
    <property name="file.separator" value="\" />
    <property name="java.specification.name" value="Java Platform API Specification" />
    <property name="java.class.version" value="52.0" />
    <property name="user.country" value="UA" />
    <property name="java.home" value="C:\Program Files\Java\jdk1.8.0_91\jre" />
    <property name="env.PSModulePath" value="C:\Windows\system32\WindowsPowerShell\v1.0\Modules\" />
    <property name="env.APPDATA" value="C:\Users\Sensey\AppData\Roaming" />
    <property name="env.PUBLIC" value="C:\Users\Public" />
    <property name="java.vm.info" value="mixed mode" />
    <property name="env.ComSpec" value="C:\Windows\system32\cmd.exe" />
    <property name="env.OS" value="Windows_NT" />
    <property name="env.CommonProgramFiles" value="C:\Program Files\Common Files" />
    <property name="ant.file" value="D:\For-work\my-work-for-job\Git\junit-basic-repository-007\ProteinTrackerTests\build.xml" />
    <property name="os.version" value="6.1" />
    <property name="path.separator" value=";" />
    <property name="java.vm.version" value="25.91-b15" />
    <property name="env.USERPROFILE" value="C:\Users\Sensey" />
    <property name="user.variant" value="" />
    <property name="ant.library.dir" value="D:\For-work\my-work-for-job\Eclipse\eclipse\eclipse\plugins\org.apache.ant_1.9.6.v201510161327\lib" />
    <property name="junit.output.dir" value="junit" />
    <property name="java.awt.printerjob" value="sun.awt.windows.WPrinterJob" />
    <property name="env.TMP" value="C:\Users\Sensey\AppData\Local\Temp" />
    <property name="sun.io.unicode.encoding" value="UnicodeLittle" />
    <property name="awt.toolkit" value="sun.awt.windows.WToolkit" />
    <property name="user.script" value="" />
    <property name="eclipse.pdebuild.scripts" value="/D:/For-work/my-work-for-job/Eclipse/eclipse/eclipse/plugins/org.eclipse.pde.build_3.9.100.v20150521-1524/scripts/" />
    <property name="user.home" value="C:\Users\Sensey" />
    <property name="target" value="1.8" />
    <property name="env.ProgramData" value="C:\ProgramData" />
    <property name="env.SESSIONNAME" value="Console" />
    <property name="java.specification.vendor" value="Oracle Corporation" />
    <property name="env.NUMBER_OF_PROCESSORS" value="2" />
    <property name="java.library.path" value="C:\Program Files\Java\jdk1.8.0_91\jre\bin;C:\Windows\Sun\Java\bin;C:\Windows\system32;C:\Windows;C:\Program Files\NVIDIA Corporation\PhysX\Common;C:\ProgramData\Oracle\Java\javapath;C:\Windows\system32;C:\Windows;C:\Windows\System32\Wbem;C:\Windows\System32\WindowsPowerShell\v1.0\;C:\Program Files\MySQL\MySQL Fabric 1.5 &amp; MySQL Utilities 1.5\;C:\Program Files\MySQL\MySQL Fabric 1.5 &amp; MySQL Utilities 1.5\Doctrine extensions for PHP\;C:\Program Files\MySQL\MySQL Server 5.7\bin;." />
    <property name="java.vendor.url" value="http://java.oracle.com/" />
    <property name="java.vm.vendor" value="Oracle Corporation" />
    <property name="java.runtime.name" value="Java(TM) SE Runtime Environment" />
    <property name="java.class.path" value="D:\For-work\my-work-for-job\Git\junit-basic-repository-007\ProteinTrackerTests\bin;D:\For-work\my-work-for-job\Eclipse\eclipse\eclipse\plugins\org.junit_4.12.0.v201504281640\junit.jar;D:\For-work\my-work-for-job\Eclipse\eclipse\eclipse\plugins\org.hamcrest.core_1.3.0.v201303031735.jar;D:\For-work\my-work-for-job\Git\junit-basic-repository-007\ProteinTracker\bin;D:\For-work\my-work-for-job\Eclipse\eclipse\eclipse\plugins\org.apache.ant_1.9.6.v201510161327\lib\ant-launcher.jar;D:\For-work\my-work-for-job\Eclipse\eclipse\eclipse\plugins\org.apache.ant_1.9.6.v201510161327\lib\ant.jar;D:\For-work\my-work-for-job\Eclipse\eclipse\eclipse\plugins\org.apache.ant_1.9.6.v201510161327\lib\ant-junit.jar;D:\For-work\my-work-for-job\Eclipse\eclipse\eclipse\plugins\org.apache.ant_1.9.6.v201510161327\lib\ant-junit4.jar" />
    <property name="sun.java.command" value="org.apache.tools.ant.taskdefs.optional.junit.JUnitTestRunner ua.voytovych.tests.TrackingServiceTests skipNonTests=false filtertrace=true haltOnError=false haltOnFailure=false formatter=org.apache.tools.ant.taskdefs.optional.junit.OutErrSummaryJUnitResultFormatter showoutput=false outputtoformatters=true logfailedtests=true threadid=0 logtestlistenerevents=false formatter=org.apache.tools.ant.taskdefs.optional.junit.XMLJUnitResultFormatter,D:\For-work\my-work-for-job\Git\junit-basic-repository-007\ProteinTrackerTests\junit\TEST-ua.voytovych.tests.TrackingServiceTests.xml crashfile=D:\For-work\my-work-for-job\Git\junit-basic-repository-007\ProteinTrackerTests\junitvmwatcher5113205604114986905.properties propsfile=D:\For-work\my-work-for-job\Git\junit-basic-repository-007\ProteinTrackerTests\junit3637826140560376093.properties" />
    <property name="ant.version" value="Apache Ant(TM) version 1.9.6 compiled on June 29 2015" />
    <property name="java.vm.specification.name" value="Java Virtual Machine Specification" />
    <property name="env.LOGONSERVER" value="\\SENSEY-ЏЉ" />
    <property name="env.windir" value="C:\Windows" />
    <property name="env.PROCESSOR_ARCHITECTURE" value="x86" />
    <property name="java.vm.specification.version" value="1.8" />
    <property name="sun.cpu.endian" value="little" />
    <property name="sun.os.patch.level" value="" />
    <property name="debuglevel" value="source,lines,vars" />
    <property name="env.ANT_HOME" value="D:\For-work\my-work-for-job\Eclipse\eclipse\eclipse\plugins\org.apache.ant_1.9.6.v201510161327" />
    <property name="env.ProgramFiles" value="C:\Program Files" />
    <property name="java.io.tmpdir" value="C:\Users\Sensey\AppData\Local\Temp\" />
    <property name="env.PROCESSOR_REVISION" value="170a" />
    <property name="eclipse.pdebuild.home" value="/D:/For-work/my-work-for-job/Eclipse/eclipse/eclipse/plugins/org.eclipse.pde.build_3.9.100.v20150521-1524/./" />
    <property name="java.vendor.url.bug" value="http://bugreport.sun.com/bugreport/" />
    <property name="env.SystemRoot" value="C:\Windows" />
    <property name="os.arch" value="x86" />
    <property name="java.awt.graphicsenv" value="sun.awt.Win32GraphicsEnvironment" />
    <property name="java.ext.dirs" value="C:\Program Files\Java\jdk1.8.0_91\jre\lib\ext;C:\Windows\Sun\Java\lib\ext" />
    <property name="ProteinTracker.location" value="../ProteinTracker" />
    <property name="env.LOCALAPPDATA" value="C:\Users\Sensey\AppData\Local" />
    <property name="user.dir" value="D:\For-work\my-work-for-job\Git\junit-basic-repository-007\ProteinTrackerTests" />
    <property name="line.separator" value="&#xd;&#xa;" />
    <property name="java.vm.name" value="Java HotSpot(TM) Client VM" />
    <property name="env.PATHEXT" value=".COM;.EXE;.BAT;.CMD;.VBS;.VBE;.JS;.JSE;.WSF;.WSH;.MSC" />
    <property name="env.Path" value="C:\Program Files\NVIDIA Corporation\PhysX\Common;C:\ProgramData\Oracle\Java\javapath;C:\Windows\system32;C:\Windows;C:\Windows\System32\Wbem;C:\Windows\System32\WindowsPowerShell\v1.0\;C:\Program Files\MySQL\MySQL Fabric 1.5 &amp; MySQL Utilities 1.5\;C:\Program Files\MySQL\MySQL Fabric 1.5 &amp; MySQL Utilities 1.5\Doctrine extensions for PHP\;C:\Program Files\MySQL\MySQL Server 5.7\bin" />
    <property name="basedir" value="D:\For-work\my-work-for-job\Git\junit-basic-repository-007\ProteinTrackerTests" />
    <property name="ant.java.version" value="1.8" />
    <property name="ant.core.lib" value="D:\For-work\my-work-for-job\Eclipse\eclipse\eclipse\plugins\org.apache.ant_1.9.6.v201510161327\lib\ant.jar" />
    <property name="env.USERNAME" value="Sensey" />
    <property name="env.ESET_OPTIONS" value="                                                                                                                                                                                                                                                                                                                                                                                                                                                                                                                               " />
    <property name="source" value="1.8" />
    <property name="env.SystemDrive" value="C:" />
    <property name="file.encoding" value="Cp1251" />
    <property name="env.USERDOMAIN" value="Sensey-ЏЉ" />
    <property name="java.specification.version" value="1.8" />
    <property name="ant.project.invoked-targets" value="build,TrackingServiceTests.WhenAddingProteinTotalIncreasesByThatAmount" />
    <property name="env.PROCESSOR_LEVEL" value="6" />
  </properties>
  <testcase classname="ua.voytovych.tests.TrackingServiceTests" name="badTest" time="0.296" />
  <testcase classname="ua.voytovych.tests.TrackingServiceTests" name="whenRemovingProteinTotalRemainsZero" time="0.001" />
  <testcase classname="ua.voytovych.tests.TrackingServiceTests" name="newTrackingServiceTotalIsZero" time="0.0">
    <skipped />
  </testcase>
  <testcase classname="ua.voytovych.tests.TrackingServiceTests" name="whenAddingProteinTotalIncreasesByThatAmount" time="0.014" />
  <testcase classname="ua.voytovych.tests.TrackingServiceTests" name="whenGoalIsSetToLessThenZeroExceptionIsThrown" time="0.008" />
  <system-out><![CDATA[Before Class
Before
After
Before
After
Before
After
Before
After
After Class
]]></system-out>
  <system-err><![CDATA[]]></system-err>
</testsuite>
